SF:lib\Features\CurrencyConverter\Data\DataSources\currency_converter_cache_data_source.dart
DA:12,1
DA:14,1
DA:15,1
DA:16,1
DA:17,1
DA:22,1
DA:24,2
DA:25,1
DA:28,1
DA:29,1
DA:30,1
DA:35,0
DA:39,1
DA:42,3
DA:43,2
DA:44,1
DA:47,1
DA:48,1
DA:49,1
DA:58,1
DA:60,2
DA:61,1
DA:64,1
DA:66,7
DA:67,2
DA:68,1
DA:71,1
DA:72,1
DA:73,1
DA:78,0
DA:82,1
DA:83,1
DA:84,2
DA:87,1
DA:88,3
DA:90,3
DA:91,1
DA:92,1
DA:93,2
DA:96,1
DA:98,3
DA:100,1
DA:102,7
DA:103,1
DA:104,2
LF:45
LH:43
end_of_record
SF:lib\Features\CurrencyConverter\Data\Models\convert_rate_model.dart
DA:4,7
DA:13,2
DA:14,2
DA:15,2
DA:16,2
DA:17,2
DA:18,2
DA:19,2
DA:20,2
DA:24,1
DA:25,3
DA:26,2
DA:28,1
DA:29,1
DA:30,1
DA:31,2
DA:36,1
DA:37,1
DA:38,1
DA:41,1
DA:42,4
DA:43,3
DA:44,1
DA:45,1
DA:46,1
LF:25
LH:25
end_of_record
SF:lib\Features\CurrencyConverter\Domain\Entities\convert_rate_entity.dart
DA:11,13
DA:20,1
DA:21,1
DA:22,1
DA:23,1
DA:24,1
DA:25,1
DA:26,1
DA:27,1
DA:30,8
DA:32,2
DA:40,2
DA:41,2
DA:42,2
DA:43,2
DA:44,2
DA:45,2
DA:46,2
DA:50,3
DA:51,3
DA:52,3
DA:53,3
DA:54,3
DA:55,3
DA:56,5
DA:57,5
LF:26
LH:26
end_of_record
SF:lib\Features\CurrencyConverter\Domain\Entities\currency_entity.dart
DA:15,4
DA:26,1
DA:27,1
DA:28,1
DA:29,1
DA:30,1
DA:31,1
DA:32,1
DA:33,1
DA:34,1
DA:36,1
DA:46,1
DA:47,1
DA:48,1
DA:49,1
DA:50,1
DA:51,1
DA:52,1
DA:53,1
DA:54,1
DA:57,1
DA:58,1
DA:59,2
DA:60,2
DA:61,2
DA:62,2
DA:63,2
DA:64,2
DA:65,2
DA:66,2
DA:70,1
DA:71,1
DA:72,1
DA:73,1
DA:74,1
DA:75,1
DA:76,1
DA:77,1
DA:78,1
DA:79,1
LF:40
LH:40
end_of_record
SF:lib\Core\UseCases\usecase.dart
DA:9,0
DA:10,0
LF:2
LH:0
end_of_record
SF:lib\Features\CurrencyConverter\Domain\UseCases\get_convert_rate_use_case.dart
DA:10,1
DA:12,1
DA:14,2
LF:3
LH:3
end_of_record
SF:lib\Core\Services\network_service.dart
DA:9,0
DA:10,0
DA:18,0
DA:19,0
DA:20,0
DA:22,0
DA:25,0
DA:26,0
DA:28,0
DA:29,0
DA:31,0
DA:32,0
DA:33,0
DA:36,0
DA:37,0
DA:39,0
DA:40,0
DA:41,0
LF:18
LH:0
end_of_record
SF:lib\Features\CurrencyConverter\Data\DataSources\currency_converter_remote_data_source.dart
DA:12,1
DA:14,1
DA:16,1
DA:17,3
DA:20,3
DA:26,1
DA:28,2
DA:29,1
DA:32,1
DA:33,1
DA:34,3
DA:35,2
DA:36,2
DA:40,3
DA:46,1
DA:48,3
DA:50,1
LF:17
LH:17
end_of_record
SF:lib\Core\Errors\failures.dart
DA:4,2
DA:8,3
DA:10,0
DA:12,0
DA:17,0
DA:19,0
DA:21,0
LF:7
LH:2
end_of_record
SF:lib\Features\CurrencyConverter\Data\Repositories\currency_converter_repository_imp.dart
DA:16,1
DA:18,1
DA:22,1
DA:23,2
DA:25,2
DA:26,3
DA:27,3
DA:31,0
DA:33,0
DA:36,0
DA:43,1
DA:44,1
DA:45,1
DA:46,1
DA:47,1
DA:48,2
DA:49,1
DA:53,3
DA:55,1
DA:58,1
DA:60,1
DA:63,1
DA:64,1
DA:65,2
DA:71,1
DA:73,0
DA:76,1
DA:77,1
DA:78,2
DA:84,1
DA:87,1
DA:88,2
DA:90,2
DA:91,3
DA:92,3
DA:95,1
DA:96,1
DA:97,1
DA:98,1
DA:99,1
DA:100,2
DA:101,1
DA:112,1
DA:116,1
DA:117,2
DA:119,2
DA:120,1
DA:121,1
DA:124,2
DA:128,3
DA:130,2
DA:133,1
DA:135,2
DA:139,2
DA:140,2
DA:141,1
DA:144,2
DA:148,2
DA:149,1
DA:150,1
DA:158,3
DA:162,5
DA:164,1
DA:167,0
DA:168,0
DA:169,0
DA:173,0
DA:174,0
DA:175,0
DA:181,2
DA:182,2
DA:184,1
DA:185,1
DA:186,1
DA:192,1
DA:195,2
DA:197,2
DA:198,2
DA:199,1
DA:201,2
DA:202,2
DA:204,1
DA:205,1
DA:209,1
DA:211,1
DA:212,1
DA:213,2
DA:218,1
DA:219,1
DA:220,2
LF:90
LH:80
end_of_record
SF:lib\Features\CurrencyConverter\Domain\UseCases\get_currencies_use_case.dart
DA:10,1
DA:12,1
DA:14,2
LF:3
LH:3
end_of_record
SF:lib\Features\CurrencyConverter\Domain\UseCases\get_historucal_rates_use_case.dart
DA:9,1
DA:11,1
DA:13,2
LF:3
LH:3
end_of_record
